INFO: kbplacer_plugin_action.py:73: Plugin version: 0.16
INFO: kbplacer_plugin_action.py:74: Python version: '3.11.5 (main, Jan 23 2026, 07:39:48) [MSC v.1944 64 bit (AMD64)]'
INFO: kbplacer_plugin_action.py:75: KiCad version: 10.0.1 with 4.2.2 msw (phoenix) wxWidgets 3.3.2
INFO: kbplacer_dialog.py:695: Language: en
INFO: kbplacer_plugin_action.py:83: GUI state: {"layout_path": "C:\\Users\\vlorb\\OneDrive\\Documents\\GitHub\\PRACTICE PCB\\numpad.json", "key_distance": [19.05, 19.05], "key_info": {"annotation_format": "SW{}", "position_option": "Default", "position": {"x": 0.0, "y": 0.0, "orientation": 0.0, "side": "Front"}, "template_path": "", "start_index": 1}, "enable_diode_placement": true, "route_switches_with_diodes": true, "optimize_diodes_orientation": false, "diode_info": {"annotation_format": "D{}", "position_option": "Relative", "position": null, "template_path": "", "start_index": -1}, "additional_elements": [{"annotation_format": "ST{}", "position_option": "Custom", "position": {"x": 0.0, "y": 0.0, "orientation": 0.0, "side": "Front"}, "template_path": "", "start_index": -1}], "route_rows_and_columns": true, "template_path": "", "generate_outline": false, "outline_delta": 0.0, "layout_offset": null}
DEBUG: key_placer.py:143: Switches by nets: defaultdict(<class 'list'>, {frozenset({'COL5', 'ROW2'}): ['SW18'], frozenset({'COL4', 'ROW2'}): ['SW17'], frozenset({'COL3', 'ROW2'}): ['SW16'], frozenset({'ROW2', 'COL2'}): ['SW15'], frozenset({'ROW2', 'COL1'}): ['SW14'], frozenset({'ROW2', 'COL0'}): ['SW13'], frozenset({'COL5', 'ROW1'}): ['SW12'], frozenset({'COL4', 'ROW1'}): ['SW11'], frozenset({'COL3', 'ROW1'}): ['SW10'], frozenset({'ROW1', 'COL2'}): ['SW9'], frozenset({'ROW1', 'COL1'}): ['SW8'], frozenset({'ROW1', 'COL0'}): ['SW7'], frozenset({'COL5', 'ROW0'}): ['SW6'], frozenset({'COL4', 'ROW0'}): ['SW5'], frozenset({'COL3', 'ROW0'}): ['SW4'], frozenset({'COL2', 'ROW0'}): ['SW3'], frozenset({'COL1', 'ROW0'}): ['SW2'], frozenset({'COL0', 'ROW0'}): ['SW1']})
DEBUG: key_placer.py:147: Diodes by switch: {'SW2': ['D2'], 'SW1': ['D1'], 'SW18': ['D18'], 'SW17': ['D17'], 'SW16': ['D16'], 'SW15': ['D15'], 'SW14': ['D14'], 'SW13': ['D13'], 'SW12': ['D12'], 'SW11': ['D11'], 'SW10': ['D10'], 'SW9': ['D9'], 'SW8': ['D8'], 'SW7': ['D7'], 'SW6': ['D6'], 'SW5': ['D5'], 'SW4': ['D4'], 'SW3': ['D3']}
DEBUG: board_modifier.py:73: Searching for SW1 footprint in C:\Users\vlorb\OneDrive\Documents\GitHub\MECHANICAL NUMPAD PCB\MECHANICAL NUMPAD PCB\MECHANICAL NUMPAD PCB.kicad_pcb
INFO: key_placer.py:624: Looking for connection template between SW1 and other elements
DEBUG: board_modifier.py:132: Getting SW1 footprint position: (131615409, 30973189)
INFO: key_placer.py:668: Got connection template: 
DEBUG: key_placer.py:143: Switches by nets: defaultdict(<class 'list'>, {frozenset({'COL5', 'ROW2'}): ['SW18'], frozenset({'COL4', 'ROW2'}): ['SW17'], frozenset({'COL3', 'ROW2'}): ['SW16'], frozenset({'ROW2', 'COL2'}): ['SW15'], frozenset({'ROW2', 'COL1'}): ['SW14'], frozenset({'ROW2', 'COL0'}): ['SW13'], frozenset({'COL5', 'ROW1'}): ['SW12'], frozenset({'COL4', 'ROW1'}): ['SW11'], frozenset({'COL3', 'ROW1'}): ['SW10'], frozenset({'ROW1', 'COL2'}): ['SW9'], frozenset({'ROW1', 'COL1'}): ['SW8'], frozenset({'ROW1', 'COL0'}): ['SW7'], frozenset({'COL5', 'ROW0'}): ['SW6'], frozenset({'COL4', 'ROW0'}): ['SW5'], frozenset({'COL3', 'ROW0'}): ['SW4'], frozenset({'COL2', 'ROW0'}): ['SW3'], frozenset({'COL1', 'ROW0'}): ['SW2'], frozenset({'COL0', 'ROW0'}): ['SW1']})
DEBUG: key_placer.py:147: Diodes by switch: {'SW2': ['D2'], 'SW1': ['D1'], 'SW18': ['D18'], 'SW17': ['D17'], 'SW16': ['D16'], 'SW15': ['D15'], 'SW14': ['D14'], 'SW13': ['D13'], 'SW12': ['D12'], 'SW11': ['D11'], 'SW10': ['D10'], 'SW9': ['D9'], 'SW8': ['D8'], 'SW7': ['D7'], 'SW6': ['D6'], 'SW5': ['D5'], 'SW4': ['D4'], 'SW3': ['D3']}
DEBUG: board_modifier.py:132: Getting SW1 footprint position: (131615409, 30973189)
DEBUG: board_modifier.py:132: Getting D1 footprint position: (140970000, 33020000)
INFO: key_placer.py:1064: Element info updated: ElementInfo(annotation_format='D{}', position_option=<PositionOption.RELATIVE: 'Relative'>, position=ElementPosition(x=9.354591, y=2.046811, orientation=-90.0, side=<Side.BACK: 'Back'>), template_path='', start_index=-1)
INFO: kle_serial.py:1031: User layout: [['Num Lock', '/', '*', '-', {'x': 0.25, 'f': 4, 'w': 14, 'h': 5, 'd': True}, "<h5><b>Getting Started with Keyboard-Layout-Editor.com</b></h5><p>Keyboard-layout-editor.com is a web application that enables the editing of keyboard-layouts, i.e., the position and appearance of each physical key.</p><p>Start by exploring the presets and samples from the menu-bar to give you an idea of the possibilities.  Once you are ready to start designing your own keyboard, just load one of the presets and start customizing it!  Some tips:</p><ul><li>The selected keys can be modified on the <i>Properties</i> tab.</li><li>The <i>Keyboard Properties</i> tab lets you edit the keyboard background and keyboard metadata.</li><li>The <i>Custom Styles</i> tab lets you write advanced CSS styling rules.</li><li>Don't forget the <i>Color Swatches</i> and <i>Character Picker</i> menu items!  These give you easy access to colors and symbol characters, respectively.</li><li>There are a lot of available keyboard shortcuts; press '?' or 'F1' to see a list.</li></ul><p>When you're ready to save your layout, simply 'Sign In' with your <a href='https://www.github.com'>GitHub</a> account and click the <i>Save</i> button.  Your layout will be saved in a GitHub Gist.</p><p>Have fun!</p>"], [{'f': 3}, '7\nHome', '8\n↑', '9\nPgUp', {'h': 2}, '+'], ['4\n←', '5', '6\n→'], ['1\nEnd', '2\n↓', '3\nPgDn', {'h': 2}, 'Enter'], [{'w': 2}, '0\nIns', '.\nDel']]
DEBUG: key_placer.py:755: Using key 1U distance: (19.05, 19.05) mm
DEBUG: key_placer.py:773: Layout offset: (28575000, 28575000)
DEBUG: kle_serial.py:1125: Layout with: x_ortholinear_keys=17, y_ortholinear_keys=18, rotated_keys=0, encoders=0, iso_enters=0 and unrecognized_shape_keys=0
DEBUG: kle_serial.py:1150: Layout tagged: [<KeyboardTag.ROW_STAGGERED: 2>]
DEBUG: board_modifier.py:119: Setting SW1 footprint position: (38100000, 38100000)
DEBUG: board_modifier.py:119: Setting SW2 footprint position: (57150000, 38100000)
DEBUG: board_modifier.py:119: Setting SW3 footprint position: (76200000, 38100000)
DEBUG: board_modifier.py:119: Setting SW4 footprint position: (95250000, 38100000)
DEBUG: board_modifier.py:119: Setting SW5 footprint position: (38100000, 57150000)
DEBUG: board_modifier.py:119: Setting SW6 footprint position: (57150000, 57150000)
DEBUG: board_modifier.py:119: Setting SW7 footprint position: (76200000, 57150000)
DEBUG: board_modifier.py:119: Setting SW8 footprint position: (95250000, 66675000)
DEBUG: board_modifier.py:119: Setting SW9 footprint position: (38100000, 76200000)
DEBUG: board_modifier.py:119: Setting SW10 footprint position: (57150000, 76200000)
DEBUG: board_modifier.py:119: Setting SW11 footprint position: (76200000, 76200000)
DEBUG: board_modifier.py:119: Setting SW12 footprint position: (38100000, 95250000)
DEBUG: board_modifier.py:119: Setting SW13 footprint position: (57150000, 95250000)
DEBUG: board_modifier.py:119: Setting SW14 footprint position: (76200000, 95250000)
DEBUG: board_modifier.py:119: Setting SW15 footprint position: (95250000, 104775000)
DEBUG: board_modifier.py:119: Setting SW16 footprint position: (47625000, 114300000)
DEBUG: board_modifier.py:119: Setting SW17 footprint position: (76200000, 114300000)
INFO: key_placer.py:1173: Diode info: [ElementInfo(annotation_format='D{}', position_option=<PositionOption.RELATIVE: 'Relative'>, position=ElementPosition(x=9.354591, y=2.046811, orientation=-90.0, side=<Side.BACK: 'Back'>), template_path='', start_index=-1)]
DEBUG: board_modifier.py:132: Getting SW1 footprint position: (38100000, 38100000)
DEBUG: board_modifier.py:119: Setting D1 footprint position: (47454591, 40146811)
DEBUG: board_modifier.py:132: Getting SW2 footprint position: (57150000, 38100000)
DEBUG: board_modifier.py:119: Setting D2 footprint position: (66504591, 40146811)
DEBUG: board_modifier.py:132: Getting SW3 footprint position: (76200000, 38100000)
DEBUG: board_modifier.py:119: Setting D3 footprint position: (85554591, 40146811)
DEBUG: board_modifier.py:132: Getting SW4 footprint position: (95250000, 38100000)
DEBUG: board_modifier.py:119: Setting D4 footprint position: (104604591, 40146811)
DEBUG: board_modifier.py:132: Getting SW5 footprint position: (38100000, 57150000)
DEBUG: board_modifier.py:119: Setting D5 footprint position: (47454591, 59196811)
DEBUG: board_modifier.py:132: Getting SW6 footprint position: (57150000, 57150000)
DEBUG: board_modifier.py:119: Setting D6 footprint position: (66504591, 59196811)
DEBUG: board_modifier.py:132: Getting SW7 footprint position: (76200000, 57150000)
DEBUG: board_modifier.py:119: Setting D7 footprint position: (85554591, 59196811)
DEBUG: board_modifier.py:132: Getting SW8 footprint position: (95250000, 66675000)
DEBUG: board_modifier.py:119: Setting D8 footprint position: (104604591, 68721811)
DEBUG: board_modifier.py:132: Getting SW9 footprint position: (38100000, 76200000)
DEBUG: board_modifier.py:119: Setting D9 footprint position: (47454591, 78246811)
DEBUG: board_modifier.py:132: Getting SW10 footprint position: (57150000, 76200000)
DEBUG: board_modifier.py:119: Setting D10 footprint position: (66504591, 78246811)
DEBUG: board_modifier.py:132: Getting SW11 footprint position: (76200000, 76200000)
DEBUG: board_modifier.py:119: Setting D11 footprint position: (85554591, 78246811)
DEBUG: board_modifier.py:132: Getting SW12 footprint position: (38100000, 95250000)
DEBUG: board_modifier.py:119: Setting D12 footprint position: (47454591, 97296811)
DEBUG: board_modifier.py:132: Getting SW13 footprint position: (57150000, 95250000)
DEBUG: board_modifier.py:119: Setting D13 footprint position: (66504591, 97296811)
DEBUG: board_modifier.py:132: Getting SW14 footprint position: (76200000, 95250000)
DEBUG: board_modifier.py:119: Setting D14 footprint position: (85554591, 97296811)
DEBUG: board_modifier.py:132: Getting SW15 footprint position: (95250000, 104775000)
DEBUG: board_modifier.py:119: Setting D15 footprint position: (104604591, 106821811)
DEBUG: board_modifier.py:132: Getting SW16 footprint position: (47625000, 114300000)
DEBUG: board_modifier.py:119: Setting D16 footprint position: (56979591, 116346811)
DEBUG: board_modifier.py:132: Getting SW17 footprint position: (76200000, 114300000)
DEBUG: board_modifier.py:119: Setting D17 footprint position: (85554591, 116346811)
DEBUG: board_modifier.py:132: Getting SW18 footprint position: (215785000, 84167000)
DEBUG: board_modifier.py:119: Setting D18 footprint position: (225139591, 86213811)
DEBUG: key_placer.py:928: Placing additional elements for SW18
DEBUG: board_modifier.py:132: Getting SW18 footprint position: (215785000, 84167000)
DEBUG: board_modifier.py:84: Searching for optional ST18 footprint in C:\Users\vlorb\OneDrive\Documents\GitHub\MECHANICAL NUMPAD PCB\MECHANICAL NUMPAD PCB\MECHANICAL NUMPAD PCB.kicad_pcb
DEBUG: board_modifier.py:89: Footprint not found
DEBUG: key_placer.py:928: Placing additional elements for SW17
DEBUG: board_modifier.py:132: Getting SW17 footprint position: (76200000, 114300000)
DEBUG: board_modifier.py:84: Searching for optional ST17 footprint in C:\Users\vlorb\OneDrive\Documents\GitHub\MECHANICAL NUMPAD PCB\MECHANICAL NUMPAD PCB\MECHANICAL NUMPAD PCB.kicad_pcb
DEBUG: board_modifier.py:89: Footprint not found
DEBUG: key_placer.py:928: Placing additional elements for SW16
DEBUG: board_modifier.py:132: Getting SW16 footprint position: (47625000, 114300000)
DEBUG: board_modifier.py:84: Searching for optional ST16 footprint in C:\Users\vlorb\OneDrive\Documents\GitHub\MECHANICAL NUMPAD PCB\MECHANICAL NUMPAD PCB\MECHANICAL NUMPAD PCB.kicad_pcb
DEBUG: board_modifier.py:89: Footprint not found
DEBUG: key_placer.py:928: Placing additional elements for SW15
DEBUG: board_modifier.py:132: Getting SW15 footprint position: (95250000, 104775000)
DEBUG: board_modifier.py:84: Searching for optional ST15 footprint in C:\Users\vlorb\OneDrive\Documents\GitHub\MECHANICAL NUMPAD PCB\MECHANICAL NUMPAD PCB\MECHANICAL NUMPAD PCB.kicad_pcb
DEBUG: board_modifier.py:89: Footprint not found
DEBUG: key_placer.py:928: Placing additional elements for SW14
DEBUG: board_modifier.py:132: Getting SW14 footprint position: (76200000, 95250000)
DEBUG: board_modifier.py:84: Searching for optional ST14 footprint in C:\Users\vlorb\OneDrive\Documents\GitHub\MECHANICAL NUMPAD PCB\MECHANICAL NUMPAD PCB\MECHANICAL NUMPAD PCB.kicad_pcb
DEBUG: board_modifier.py:89: Footprint not found
DEBUG: key_placer.py:928: Placing additional elements for SW13
DEBUG: board_modifier.py:132: Getting SW13 footprint position: (57150000, 95250000)
DEBUG: board_modifier.py:84: Searching for optional ST13 footprint in C:\Users\vlorb\OneDrive\Documents\GitHub\MECHANICAL NUMPAD PCB\MECHANICAL NUMPAD PCB\MECHANICAL NUMPAD PCB.kicad_pcb
DEBUG: board_modifier.py:89: Footprint not found
DEBUG: key_placer.py:928: Placing additional elements for SW12
DEBUG: board_modifier.py:132: Getting SW12 footprint position: (38100000, 95250000)
DEBUG: board_modifier.py:84: Searching for optional ST12 footprint in C:\Users\vlorb\OneDrive\Documents\GitHub\MECHANICAL NUMPAD PCB\MECHANICAL NUMPAD PCB\MECHANICAL NUMPAD PCB.kicad_pcb
DEBUG: board_modifier.py:89: Footprint not found
DEBUG: key_placer.py:928: Placing additional elements for SW11
DEBUG: board_modifier.py:132: Getting SW11 footprint position: (76200000, 76200000)
DEBUG: board_modifier.py:84: Searching for optional ST11 footprint in C:\Users\vlorb\OneDrive\Documents\GitHub\MECHANICAL NUMPAD PCB\MECHANICAL NUMPAD PCB\MECHANICAL NUMPAD PCB.kicad_pcb
DEBUG: board_modifier.py:89: Footprint not found
DEBUG: key_placer.py:928: Placing additional elements for SW10
DEBUG: board_modifier.py:132: Getting SW10 footprint position: (57150000, 76200000)
DEBUG: board_modifier.py:84: Searching for optional ST10 footprint in C:\Users\vlorb\OneDrive\Documents\GitHub\MECHANICAL NUMPAD PCB\MECHANICAL NUMPAD PCB\MECHANICAL NUMPAD PCB.kicad_pcb
DEBUG: board_modifier.py:89: Footprint not found
DEBUG: key_placer.py:928: Placing additional elements for SW9
DEBUG: board_modifier.py:132: Getting SW9 footprint position: (38100000, 76200000)
DEBUG: board_modifier.py:84: Searching for optional ST9 footprint in C:\Users\vlorb\OneDrive\Documents\GitHub\MECHANICAL NUMPAD PCB\MECHANICAL NUMPAD PCB\MECHANICAL NUMPAD PCB.kicad_pcb
DEBUG: board_modifier.py:89: Footprint not found
DEBUG: key_placer.py:928: Placing additional elements for SW8
DEBUG: board_modifier.py:132: Getting SW8 footprint position: (95250000, 66675000)
DEBUG: board_modifier.py:84: Searching for optional ST8 footprint in C:\Users\vlorb\OneDrive\Documents\GitHub\MECHANICAL NUMPAD PCB\MECHANICAL NUMPAD PCB\MECHANICAL NUMPAD PCB.kicad_pcb
DEBUG: board_modifier.py:89: Footprint not found
DEBUG: key_placer.py:928: Placing additional elements for SW7
DEBUG: board_modifier.py:132: Getting SW7 footprint position: (76200000, 57150000)
DEBUG: board_modifier.py:84: Searching for optional ST7 footprint in C:\Users\vlorb\OneDrive\Documents\GitHub\MECHANICAL NUMPAD PCB\MECHANICAL NUMPAD PCB\MECHANICAL NUMPAD PCB.kicad_pcb
DEBUG: board_modifier.py:89: Footprint not found
DEBUG: key_placer.py:928: Placing additional elements for SW6
DEBUG: board_modifier.py:132: Getting SW6 footprint position: (57150000, 57150000)
DEBUG: board_modifier.py:84: Searching for optional ST6 footprint in C:\Users\vlorb\OneDrive\Documents\GitHub\MECHANICAL NUMPAD PCB\MECHANICAL NUMPAD PCB\MECHANICAL NUMPAD PCB.kicad_pcb
DEBUG: board_modifier.py:89: Footprint not found
DEBUG: key_placer.py:928: Placing additional elements for SW5
DEBUG: board_modifier.py:132: Getting SW5 footprint position: (38100000, 57150000)
DEBUG: board_modifier.py:84: Searching for optional ST5 footprint in C:\Users\vlorb\OneDrive\Documents\GitHub\MECHANICAL NUMPAD PCB\MECHANICAL NUMPAD PCB\MECHANICAL NUMPAD PCB.kicad_pcb
DEBUG: board_modifier.py:89: Footprint not found
DEBUG: key_placer.py:928: Placing additional elements for SW4
DEBUG: board_modifier.py:132: Getting SW4 footprint position: (95250000, 38100000)
DEBUG: board_modifier.py:84: Searching for optional ST4 footprint in C:\Users\vlorb\OneDrive\Documents\GitHub\MECHANICAL NUMPAD PCB\MECHANICAL NUMPAD PCB\MECHANICAL NUMPAD PCB.kicad_pcb
DEBUG: board_modifier.py:89: Footprint not found
DEBUG: key_placer.py:928: Placing additional elements for SW3
DEBUG: board_modifier.py:132: Getting SW3 footprint position: (76200000, 38100000)
DEBUG: board_modifier.py:84: Searching for optional ST3 footprint in C:\Users\vlorb\OneDrive\Documents\GitHub\MECHANICAL NUMPAD PCB\MECHANICAL NUMPAD PCB\MECHANICAL NUMPAD PCB.kicad_pcb
DEBUG: board_modifier.py:89: Footprint not found
DEBUG: key_placer.py:928: Placing additional elements for SW2
DEBUG: board_modifier.py:132: Getting SW2 footprint position: (57150000, 38100000)
DEBUG: board_modifier.py:84: Searching for optional ST2 footprint in C:\Users\vlorb\OneDrive\Documents\GitHub\MECHANICAL NUMPAD PCB\MECHANICAL NUMPAD PCB\MECHANICAL NUMPAD PCB.kicad_pcb
DEBUG: board_modifier.py:89: Footprint not found
DEBUG: key_placer.py:928: Placing additional elements for SW1
DEBUG: board_modifier.py:132: Getting SW1 footprint position: (38100000, 38100000)
DEBUG: board_modifier.py:84: Searching for optional ST1 footprint in C:\Users\vlorb\OneDrive\Documents\GitHub\MECHANICAL NUMPAD PCB\MECHANICAL NUMPAD PCB\MECHANICAL NUMPAD PCB.kicad_pcb
DEBUG: board_modifier.py:89: Footprint not found
INFO: key_placer.py:483: Routing SW18 with D18
INFO: key_placer.py:485: Using internal autorouter method
DEBUG: board_modifier.py:578: Routing at B.Cu layer
DEBUG: board_modifier.py:595: Netclass: Default, track width: 200000
DEBUG: board_modifier.py:658: Routing pad 'SW18:2' at (224285000, 80367000) with pad 'D18:2' at (225139591, 87863811) using coordinate system rotated by 0 degree(s)
INFO: board_modifier.py:494: Adding track segment (B.Cu): [(224285000, 80367000), (224285000, 87009220)]
DEBUG: board_modifier.py:504: Could not add track segment due to detected collision
INFO: board_modifier.py:494: Adding track segment (B.Cu): [(224285000, 80367000), (225139591, 81221591)]
INFO: board_modifier.py:499: Track added
INFO: board_modifier.py:494: Adding track segment (B.Cu): [(225139591, 81221591), (225139591, 87863811)]
DEBUG: board_modifier.py:504: Could not add track segment due to detected collision
INFO: key_placer.py:483: Routing SW17 with D17
INFO: key_placer.py:485: Using internal autorouter method
DEBUG: board_modifier.py:578: Routing at B.Cu layer
DEBUG: board_modifier.py:595: Netclass: Default, track width: 200000
DEBUG: board_modifier.py:658: Routing pad 'SW17:2' at (84700000, 110500000) with pad 'D17:2' at (85554591, 117996811) using coordinate system rotated by 0 degree(s)
INFO: board_modifier.py:494: Adding track segment (B.Cu): [(84700000, 110500000), (84700000, 117142220)]
DEBUG: board_modifier.py:504: Could not add track segment due to detected collision
INFO: board_modifier.py:494: Adding track segment (B.Cu): [(84700000, 110500000), (85554591, 111354591)]
INFO: board_modifier.py:499: Track added
INFO: board_modifier.py:494: Adding track segment (B.Cu): [(85554591, 111354591), (85554591, 117996811)]
DEBUG: board_modifier.py:504: Could not add track segment due to detected collision
INFO: key_placer.py:483: Routing SW16 with D16
INFO: key_placer.py:485: Using internal autorouter method
DEBUG: board_modifier.py:578: Routing at B.Cu layer
DEBUG: board_modifier.py:595: Netclass: Default, track width: 200000
DEBUG: board_modifier.py:658: Routing pad 'SW16:2' at (56125000, 110500000) with pad 'D16:2' at (56979591, 117996811) using coordinate system rotated by 0 degree(s)
INFO: board_modifier.py:494: Adding track segment (B.Cu): [(56125000, 110500000), (56125000, 117142220)]
DEBUG: board_modifier.py:504: Could not add track segment due to detected collision
INFO: board_modifier.py:494: Adding track segment (B.Cu): [(56125000, 110500000), (56979591, 111354591)]
INFO: board_modifier.py:499: Track added
INFO: board_modifier.py:494: Adding track segment (B.Cu): [(56979591, 111354591), (56979591, 117996811)]
DEBUG: board_modifier.py:504: Could not add track segment due to detected collision
INFO: key_placer.py:483: Routing SW15 with D15
INFO: key_placer.py:485: Using internal autorouter method
DEBUG: board_modifier.py:578: Routing at B.Cu layer
DEBUG: board_modifier.py:595: Netclass: Default, track width: 200000
DEBUG: board_modifier.py:658: Routing pad 'SW15:2' at (103750000, 100975000) with pad 'D15:2' at (104604591, 108471811) using coordinate system rotated by 0 degree(s)
INFO: board_modifier.py:494: Adding track segment (B.Cu): [(103750000, 100975000), (103750000, 107617220)]
DEBUG: board_modifier.py:504: Could not add track segment due to detected collision
INFO: board_modifier.py:494: Adding track segment (B.Cu): [(103750000, 100975000), (104604591, 101829591)]
INFO: board_modifier.py:499: Track added
INFO: board_modifier.py:494: Adding track segment (B.Cu): [(104604591, 101829591), (104604591, 108471811)]
DEBUG: board_modifier.py:504: Could not add track segment due to detected collision
INFO: key_placer.py:483: Routing SW14 with D14
INFO: key_placer.py:485: Using internal autorouter method
DEBUG: board_modifier.py:578: Routing at B.Cu layer
DEBUG: board_modifier.py:595: Netclass: Default, track width: 200000
DEBUG: board_modifier.py:658: Routing pad 'SW14:2' at (84700000, 91450000) with pad 'D14:2' at (85554591, 98946811) using coordinate system rotated by 0 degree(s)
INFO: board_modifier.py:494: Adding track segment (B.Cu): [(84700000, 91450000), (84700000, 98092220)]
DEBUG: board_modifier.py:504: Could not add track segment due to detected collision
INFO: board_modifier.py:494: Adding track segment (B.Cu): [(84700000, 91450000), (85554591, 92304591)]
INFO: board_modifier.py:499: Track added
INFO: board_modifier.py:494: Adding track segment (B.Cu): [(85554591, 92304591), (85554591, 98946811)]
DEBUG: board_modifier.py:504: Could not add track segment due to detected collision
INFO: key_placer.py:483: Routing SW13 with D13
INFO: key_placer.py:485: Using internal autorouter method
DEBUG: board_modifier.py:578: Routing at B.Cu layer
DEBUG: board_modifier.py:595: Netclass: Default, track width: 200000
DEBUG: board_modifier.py:658: Routing pad 'SW13:2' at (65650000, 91450000) with pad 'D13:2' at (66504591, 98946811) using coordinate system rotated by 0 degree(s)
INFO: board_modifier.py:494: Adding track segment (B.Cu): [(65650000, 91450000), (65650000, 98092220)]
DEBUG: board_modifier.py:504: Could not add track segment due to detected collision
INFO: board_modifier.py:494: Adding track segment (B.Cu): [(65650000, 91450000), (66504591, 92304591)]
INFO: board_modifier.py:499: Track added
INFO: board_modifier.py:494: Adding track segment (B.Cu): [(66504591, 92304591), (66504591, 98946811)]
DEBUG: board_modifier.py:504: Could not add track segment due to detected collision
INFO: key_placer.py:483: Routing SW12 with D12
INFO: key_placer.py:485: Using internal autorouter method
DEBUG: board_modifier.py:578: Routing at B.Cu layer
DEBUG: board_modifier.py:595: Netclass: Default, track width: 200000
DEBUG: board_modifier.py:658: Routing pad 'SW12:2' at (46600000, 91450000) with pad 'D12:2' at (47454591, 98946811) using coordinate system rotated by 0 degree(s)
INFO: board_modifier.py:494: Adding track segment (B.Cu): [(46600000, 91450000), (46600000, 98092220)]
DEBUG: board_modifier.py:504: Could not add track segment due to detected collision
INFO: board_modifier.py:494: Adding track segment (B.Cu): [(46600000, 91450000), (47454591, 92304591)]
INFO: board_modifier.py:499: Track added
INFO: board_modifier.py:494: Adding track segment (B.Cu): [(47454591, 92304591), (47454591, 98946811)]
DEBUG: board_modifier.py:504: Could not add track segment due to detected collision
INFO: key_placer.py:483: Routing SW11 with D11
INFO: key_placer.py:485: Using internal autorouter method
DEBUG: board_modifier.py:578: Routing at B.Cu layer
DEBUG: board_modifier.py:595: Netclass: Default, track width: 200000
DEBUG: board_modifier.py:658: Routing pad 'SW11:2' at (84700000, 72400000) with pad 'D11:2' at (85554591, 79896811) using coordinate system rotated by 0 degree(s)
INFO: board_modifier.py:494: Adding track segment (B.Cu): [(84700000, 72400000), (84700000, 79042220)]
DEBUG: board_modifier.py:504: Could not add track segment due to detected collision
INFO: board_modifier.py:494: Adding track segment (B.Cu): [(84700000, 72400000), (85554591, 73254591)]
INFO: board_modifier.py:499: Track added
INFO: board_modifier.py:494: Adding track segment (B.Cu): [(85554591, 73254591), (85554591, 79896811)]
DEBUG: board_modifier.py:504: Could not add track segment due to detected collision
INFO: key_placer.py:483: Routing SW10 with D10
INFO: key_placer.py:485: Using internal autorouter method
DEBUG: board_modifier.py:578: Routing at B.Cu layer
DEBUG: board_modifier.py:595: Netclass: Default, track width: 200000
DEBUG: board_modifier.py:658: Routing pad 'SW10:2' at (65650000, 72400000) with pad 'D10:2' at (66504591, 79896811) using coordinate system rotated by 0 degree(s)
INFO: board_modifier.py:494: Adding track segment (B.Cu): [(65650000, 72400000), (65650000, 79042220)]
DEBUG: board_modifier.py:504: Could not add track segment due to detected collision
INFO: board_modifier.py:494: Adding track segment (B.Cu): [(65650000, 72400000), (66504591, 73254591)]
INFO: board_modifier.py:499: Track added
INFO: board_modifier.py:494: Adding track segment (B.Cu): [(66504591, 73254591), (66504591, 79896811)]
DEBUG: board_modifier.py:504: Could not add track segment due to detected collision
INFO: key_placer.py:483: Routing SW9 with D9
INFO: key_placer.py:485: Using internal autorouter method
DEBUG: board_modifier.py:578: Routing at B.Cu layer
DEBUG: board_modifier.py:595: Netclass: Default, track width: 200000
DEBUG: board_modifier.py:658: Routing pad 'SW9:2' at (46600000, 72400000) with pad 'D9:2' at (47454591, 79896811) using coordinate system rotated by 0 degree(s)
INFO: board_modifier.py:494: Adding track segment (B.Cu): [(46600000, 72400000), (46600000, 79042220)]
DEBUG: board_modifier.py:504: Could not add track segment due to detected collision
INFO: board_modifier.py:494: Adding track segment (B.Cu): [(46600000, 72400000), (47454591, 73254591)]
INFO: board_modifier.py:499: Track added
INFO: board_modifier.py:494: Adding track segment (B.Cu): [(47454591, 73254591), (47454591, 79896811)]
DEBUG: board_modifier.py:504: Could not add track segment due to detected collision
INFO: key_placer.py:483: Routing SW8 with D8
INFO: key_placer.py:485: Using internal autorouter method
DEBUG: board_modifier.py:578: Routing at B.Cu layer
DEBUG: board_modifier.py:595: Netclass: Default, track width: 200000
DEBUG: board_modifier.py:658: Routing pad 'SW8:2' at (103750000, 62875000) with pad 'D8:2' at (104604591, 70371811) using coordinate system rotated by 0 degree(s)
INFO: board_modifier.py:494: Adding track segment (B.Cu): [(103750000, 62875000), (103750000, 69517220)]
DEBUG: board_modifier.py:504: Could not add track segment due to detected collision
INFO: board_modifier.py:494: Adding track segment (B.Cu): [(103750000, 62875000), (104604591, 63729591)]
INFO: board_modifier.py:499: Track added
INFO: board_modifier.py:494: Adding track segment (B.Cu): [(104604591, 63729591), (104604591, 70371811)]
DEBUG: board_modifier.py:504: Could not add track segment due to detected collision
INFO: key_placer.py:483: Routing SW7 with D7
INFO: key_placer.py:485: Using internal autorouter method
DEBUG: board_modifier.py:578: Routing at B.Cu layer
DEBUG: board_modifier.py:595: Netclass: Default, track width: 200000
DEBUG: board_modifier.py:658: Routing pad 'SW7:2' at (84700000, 53350000) with pad 'D7:2' at (85554591, 60846811) using coordinate system rotated by 0 degree(s)
INFO: board_modifier.py:494: Adding track segment (B.Cu): [(84700000, 53350000), (84700000, 59992220)]
DEBUG: board_modifier.py:504: Could not add track segment due to detected collision
INFO: board_modifier.py:494: Adding track segment (B.Cu): [(84700000, 53350000), (85554591, 54204591)]
INFO: board_modifier.py:499: Track added
INFO: board_modifier.py:494: Adding track segment (B.Cu): [(85554591, 54204591), (85554591, 60846811)]
DEBUG: board_modifier.py:504: Could not add track segment due to detected collision
INFO: key_placer.py:483: Routing SW6 with D6
INFO: key_placer.py:485: Using internal autorouter method
DEBUG: board_modifier.py:578: Routing at B.Cu layer
DEBUG: board_modifier.py:595: Netclass: Default, track width: 200000
DEBUG: board_modifier.py:658: Routing pad 'SW6:2' at (65650000, 53350000) with pad 'D6:2' at (66504591, 60846811) using coordinate system rotated by 0 degree(s)
INFO: board_modifier.py:494: Adding track segment (B.Cu): [(65650000, 53350000), (65650000, 59992220)]
DEBUG: board_modifier.py:504: Could not add track segment due to detected collision
INFO: board_modifier.py:494: Adding track segment (B.Cu): [(65650000, 53350000), (66504591, 54204591)]
INFO: board_modifier.py:499: Track added
INFO: board_modifier.py:494: Adding track segment (B.Cu): [(66504591, 54204591), (66504591, 60846811)]
DEBUG: board_modifier.py:504: Could not add track segment due to detected collision
INFO: key_placer.py:483: Routing SW5 with D5
INFO: key_placer.py:485: Using internal autorouter method
DEBUG: board_modifier.py:578: Routing at B.Cu layer
DEBUG: board_modifier.py:595: Netclass: Default, track width: 200000
DEBUG: board_modifier.py:658: Routing pad 'SW5:2' at (46600000, 53350000) with pad 'D5:2' at (47454591, 60846811) using coordinate system rotated by 0 degree(s)
INFO: board_modifier.py:494: Adding track segment (B.Cu): [(46600000, 53350000), (46600000, 59992220)]
DEBUG: board_modifier.py:504: Could not add track segment due to detected collision
INFO: board_modifier.py:494: Adding track segment (B.Cu): [(46600000, 53350000), (47454591, 54204591)]
INFO: board_modifier.py:499: Track added
INFO: board_modifier.py:494: Adding track segment (B.Cu): [(47454591, 54204591), (47454591, 60846811)]
DEBUG: board_modifier.py:504: Could not add track segment due to detected collision
INFO: key_placer.py:483: Routing SW4 with D4
INFO: key_placer.py:485: Using internal autorouter method
DEBUG: board_modifier.py:578: Routing at B.Cu layer
DEBUG: board_modifier.py:595: Netclass: Default, track width: 200000
DEBUG: board_modifier.py:658: Routing pad 'SW4:2' at (103750000, 34300000) with pad 'D4:2' at (104604591, 41796811) using coordinate system rotated by 0 degree(s)
INFO: board_modifier.py:494: Adding track segment (B.Cu): [(103750000, 34300000), (103750000, 40942220)]
DEBUG: board_modifier.py:504: Could not add track segment due to detected collision
INFO: board_modifier.py:494: Adding track segment (B.Cu): [(103750000, 34300000), (104604591, 35154591)]
INFO: board_modifier.py:499: Track added
INFO: board_modifier.py:494: Adding track segment (B.Cu): [(104604591, 35154591), (104604591, 41796811)]
DEBUG: board_modifier.py:504: Could not add track segment due to detected collision
INFO: key_placer.py:483: Routing SW3 with D3
INFO: key_placer.py:485: Using internal autorouter method
DEBUG: board_modifier.py:578: Routing at B.Cu layer
DEBUG: board_modifier.py:595: Netclass: Default, track width: 200000
DEBUG: board_modifier.py:658: Routing pad 'SW3:2' at (84700000, 34300000) with pad 'D3:2' at (85554591, 41796811) using coordinate system rotated by 0 degree(s)
INFO: board_modifier.py:494: Adding track segment (B.Cu): [(84700000, 34300000), (84700000, 40942220)]
DEBUG: board_modifier.py:504: Could not add track segment due to detected collision
INFO: board_modifier.py:494: Adding track segment (B.Cu): [(84700000, 34300000), (85554591, 35154591)]
INFO: board_modifier.py:499: Track added
INFO: board_modifier.py:494: Adding track segment (B.Cu): [(85554591, 35154591), (85554591, 41796811)]
DEBUG: board_modifier.py:504: Could not add track segment due to detected collision
INFO: key_placer.py:483: Routing SW2 with D2
INFO: key_placer.py:485: Using internal autorouter method
DEBUG: board_modifier.py:578: Routing at B.Cu layer
DEBUG: board_modifier.py:595: Netclass: Default, track width: 200000
DEBUG: board_modifier.py:658: Routing pad 'SW2:2' at (65650000, 34300000) with pad 'D2:2' at (66504591, 41796811) using coordinate system rotated by 0 degree(s)
INFO: board_modifier.py:494: Adding track segment (B.Cu): [(65650000, 34300000), (65650000, 40942220)]
DEBUG: board_modifier.py:504: Could not add track segment due to detected collision
INFO: board_modifier.py:494: Adding track segment (B.Cu): [(65650000, 34300000), (66504591, 35154591)]
INFO: board_modifier.py:499: Track added
INFO: board_modifier.py:494: Adding track segment (B.Cu): [(66504591, 35154591), (66504591, 41796811)]
DEBUG: board_modifier.py:504: Could not add track segment due to detected collision
INFO: key_placer.py:483: Routing SW1 with D1
INFO: key_placer.py:485: Using internal autorouter method
DEBUG: board_modifier.py:578: Routing at B.Cu layer
DEBUG: board_modifier.py:595: Netclass: Default, track width: 200000
DEBUG: board_modifier.py:658: Routing pad 'SW1:2' at (46600000, 34300000) with pad 'D1:2' at (47454591, 41796811) using coordinate system rotated by 0 degree(s)
INFO: board_modifier.py:494: Adding track segment (B.Cu): [(46600000, 34300000), (46600000, 40942220)]
DEBUG: board_modifier.py:504: Could not add track segment due to detected collision
INFO: board_modifier.py:494: Adding track segment (B.Cu): [(46600000, 34300000), (47454591, 35154591)]
INFO: board_modifier.py:499: Track added
INFO: board_modifier.py:494: Adding track segment (B.Cu): [(47454591, 35154591), (47454591, 41796811)]
DEBUG: board_modifier.py:504: Could not add track segment due to detected collision
DEBUG: key_placer.py:979: Routing COL3 pads
DEBUG: board_modifier.py:578: Routing at B.Cu layer
DEBUG: board_modifier.py:595: Netclass: Default, track width: 200000
DEBUG: board_modifier.py:658: Routing pad 'SW16:1' at (44125000, 108300000) with pad 'SW10:1' at (53650000, 70200000) using coordinate system rotated by 0 degree(s)
INFO: board_modifier.py:494: Adding track segment (B.Cu): [(44125000, 108300000), (44125000, 79725000)]
DEBUG: board_modifier.py:504: Could not add track segment due to detected collision
INFO: board_modifier.py:494: Adding track segment (B.Cu): [(44125000, 108300000), (53650000, 98775000)]
INFO: board_modifier.py:499: Track added
INFO: board_modifier.py:494: Adding track segment (B.Cu): [(53650000, 98775000), (53650000, 70200000)]
DEBUG: board_modifier.py:504: Could not add track segment due to detected collision
DEBUG: board_modifier.py:578: Routing at B.Cu layer
DEBUG: board_modifier.py:595: Netclass: Default, track width: 200000
DEBUG: board_modifier.py:658: Routing pad 'SW10:1' at (53650000, 70200000) with pad 'SW4:1' at (91750000, 32100000) using coordinate system rotated by 0 degree(s)
INFO: board_modifier.py:494: Adding track segment (B.Cu): [(53650000, 70200000), (53650000, 70200000)]
INFO: board_modifier.py:499: Track added
INFO: board_modifier.py:494: Adding track segment (B.Cu): [(53650000, 70200000), (91750000, 32100000)]
DEBUG: board_modifier.py:504: Could not add track segment due to detected collision
INFO: board_modifier.py:494: Adding track segment (B.Cu): [(53650000, 70200000), (91750000, 32100000)]
DEBUG: board_modifier.py:504: Could not add track segment due to detected collision
WARNING: board_modifier.py:571: Could not route pads, no common layers found. Pads: 'SW4:1', 'U1:7'
DEBUG: key_placer.py:979: Routing ROW2 pads
DEBUG: board_modifier.py:578: Routing at B.Cu layer
DEBUG: board_modifier.py:595: Netclass: Default, track width: 200000
DEBUG: board_modifier.py:658: Routing pad 'D16:1' at (56979591, 114696811) with pad 'D13:1' at (66504591, 95646811) using coordinate system rotated by 0 degree(s)
INFO: board_modifier.py:494: Adding track segment (B.Cu): [(56979591, 114696811), (56979591, 105171811)]
DEBUG: board_modifier.py:504: Could not add track segment due to detected collision
INFO: board_modifier.py:494: Adding track segment (B.Cu): [(56979591, 114696811), (66504591, 105171811)]
INFO: board_modifier.py:499: Track added
INFO: board_modifier.py:494: Adding track segment (B.Cu): [(66504591, 105171811), (66504591, 95646811)]
DEBUG: board_modifier.py:504: Could not add track segment due to detected collision
DEBUG: board_modifier.py:578: Routing at B.Cu layer
DEBUG: board_modifier.py:595: Netclass: Default, track width: 200000
DEBUG: board_modifier.py:658: Routing pad 'D13:1' at (66504591, 95646811) with pad 'D14:1' at (85554591, 95646811) using coordinate system rotated by 0 degree(s)
INFO: board_modifier.py:494: Adding track segment (B.Cu): [(66504591, 95646811), (85554591, 95646811)]
DEBUG: board_modifier.py:504: Could not add track segment due to detected collision
DEBUG: board_modifier.py:578: Routing at B.Cu layer
DEBUG: board_modifier.py:595: Netclass: Default, track width: 200000
DEBUG: board_modifier.py:658: Routing pad 'D14:1' at (85554591, 95646811) with pad 'D17:1' at (85554591, 114696811) using coordinate system rotated by 0 degree(s)
INFO: board_modifier.py:494: Adding track segment (B.Cu): [(85554591, 95646811), (85554591, 114696811)]
DEBUG: board_modifier.py:504: Could not add track segment due to detected collision
DEBUG: board_modifier.py:578: Routing at B.Cu layer
DEBUG: board_modifier.py:595: Netclass: Default, track width: 200000
DEBUG: board_modifier.py:658: Routing pad 'D14:1' at (85554591, 95646811) with pad 'D15:1' at (104604591, 105171811) using coordinate system rotated by 0 degree(s)
INFO: board_modifier.py:494: Adding track segment (B.Cu): [(85554591, 95646811), (95079591, 95646811)]
INFO: board_modifier.py:499: Track added
INFO: board_modifier.py:494: Adding track segment (B.Cu): [(95079591, 95646811), (104604591, 105171811)]
DEBUG: board_modifier.py:504: Could not add track segment due to detected collision
INFO: board_modifier.py:494: Adding track segment (B.Cu): [(85554591, 95646811), (95079591, 105171811)]
DEBUG: board_modifier.py:504: Could not add track segment due to detected collision
WARNING: board_modifier.py:571: Could not route pads, no common layers found. Pads: 'D15:1', 'U1:12'
WARNING: board_modifier.py:571: Could not route pads, no common layers found. Pads: 'U1:12', 'D18:1'
DEBUG: key_placer.py:979: Routing COL1 pads
DEBUG: board_modifier.py:578: Routing at B.Cu layer
DEBUG: board_modifier.py:595: Netclass: Default, track width: 200000
DEBUG: board_modifier.py:658: Routing pad 'SW8:1' at (91750000, 60675000) with pad 'SW14:1' at (72700000, 89250000) using coordinate system rotated by 0 degree(s)
INFO: board_modifier.py:494: Adding track segment (B.Cu): [(91750000, 60675000), (91750000, 70200000)]
INFO: board_modifier.py:499: Track added
INFO: board_modifier.py:494: Adding track segment (B.Cu): [(91750000, 70200000), (72700000, 89250000)]
DEBUG: board_modifier.py:504: Could not add track segment due to detected collision
INFO: board_modifier.py:494: Adding track segment (B.Cu): [(91750000, 60675000), (72700000, 79725000)]
DEBUG: board_modifier.py:504: Could not add track segment due to detected collision
DEBUG: board_modifier.py:578: Routing at B.Cu layer
DEBUG: board_modifier.py:595: Netclass: Default, track width: 200000
DEBUG: board_modifier.py:658: Routing pad 'SW2:1' at (53650000, 32100000) with pad 'SW8:1' at (91750000, 60675000) using coordinate system rotated by 0 degree(s)
INFO: board_modifier.py:494: Adding track segment (B.Cu): [(53650000, 32100000), (63175000, 32100000)]
DEBUG: board_modifier.py:504: Could not add track segment due to detected collision
INFO: board_modifier.py:494: Adding track segment (B.Cu): [(53650000, 32100000), (82225000, 60675000)]
DEBUG: board_modifier.py:504: Could not add track segment due to detected collision
WARNING: board_modifier.py:571: Could not route pads, no common layers found. Pads: 'SW8:1', 'U1:3'
DEBUG: key_placer.py:979: Routing ROW0 pads
DEBUG: board_modifier.py:578: Routing at B.Cu layer
DEBUG: board_modifier.py:595: Netclass: Default, track width: 200000
DEBUG: board_modifier.py:658: Routing pad 'D1:1' at (47454591, 38496811) with pad 'D5:1' at (47454591, 57546811) using coordinate system rotated by 0 degree(s)
INFO: board_modifier.py:494: Adding track segment (B.Cu): [(47454591, 38496811), (47454591, 57546811)]
DEBUG: board_modifier.py:504: Could not add track segment due to detected collision
DEBUG: board_modifier.py:578: Routing at B.Cu layer
DEBUG: board_modifier.py:595: Netclass: Default, track width: 200000
DEBUG: board_modifier.py:658: Routing pad 'D1:1' at (47454591, 38496811) with pad 'D2:1' at (66504591, 38496811) using coordinate system rotated by 0 degree(s)
INFO: board_modifier.py:494: Adding track segment (B.Cu): [(47454591, 38496811), (66504591, 38496811)]
DEBUG: board_modifier.py:504: Could not add track segment due to detected collision
DEBUG: board_modifier.py:578: Routing at B.Cu layer
DEBUG: board_modifier.py:595: Netclass: Default, track width: 200000
DEBUG: board_modifier.py:658: Routing pad 'D5:1' at (47454591, 57546811) with pad 'D6:1' at (66504591, 57546811) using coordinate system rotated by 0 degree(s)
INFO: board_modifier.py:494: Adding track segment (B.Cu): [(47454591, 57546811), (66504591, 57546811)]
DEBUG: board_modifier.py:504: Could not add track segment due to detected collision
DEBUG: board_modifier.py:578: Routing at B.Cu layer
DEBUG: board_modifier.py:595: Netclass: Default, track width: 200000
DEBUG: board_modifier.py:658: Routing pad 'D2:1' at (66504591, 38496811) with pad 'D3:1' at (85554591, 38496811) using coordinate system rotated by 0 degree(s)
INFO: board_modifier.py:494: Adding track segment (B.Cu): [(66504591, 38496811), (85554591, 38496811)]
DEBUG: board_modifier.py:504: Could not add track segment due to detected collision
DEBUG: board_modifier.py:578: Routing at B.Cu layer
DEBUG: board_modifier.py:595: Netclass: Default, track width: 200000
DEBUG: board_modifier.py:658: Routing pad 'D3:1' at (85554591, 38496811) with pad 'D4:1' at (104604591, 38496811) using coordinate system rotated by 0 degree(s)
INFO: board_modifier.py:494: Adding track segment (B.Cu): [(85554591, 38496811), (104604591, 38496811)]
DEBUG: board_modifier.py:504: Could not add track segment due to detected collision
WARNING: board_modifier.py:571: Could not route pads, no common layers found. Pads: 'D4:1', 'U1:10'
DEBUG: key_placer.py:979: Routing ROW1 pads
DEBUG: board_modifier.py:578: Routing at B.Cu layer
DEBUG: board_modifier.py:595: Netclass: Default, track width: 200000
DEBUG: board_modifier.py:658: Routing pad 'D9:1' at (47454591, 76596811) with pad 'D12:1' at (47454591, 95646811) using coordinate system rotated by 0 degree(s)
INFO: board_modifier.py:494: Adding track segment (B.Cu): [(47454591, 76596811), (47454591, 95646811)]
DEBUG: board_modifier.py:504: Could not add track segment due to detected collision
DEBUG: board_modifier.py:578: Routing at B.Cu layer
DEBUG: board_modifier.py:595: Netclass: Default, track width: 200000
DEBUG: board_modifier.py:658: Routing pad 'D9:1' at (47454591, 76596811) with pad 'D10:1' at (66504591, 76596811) using coordinate system rotated by 0 degree(s)
INFO: board_modifier.py:494: Adding track segment (B.Cu): [(47454591, 76596811), (66504591, 76596811)]
DEBUG: board_modifier.py:504: Could not add track segment due to detected collision
DEBUG: board_modifier.py:578: Routing at B.Cu layer
DEBUG: board_modifier.py:595: Netclass: Default, track width: 200000
DEBUG: board_modifier.py:658: Routing pad 'D11:1' at (85554591, 76596811) with pad 'D7:1' at (85554591, 57546811) using coordinate system rotated by 0 degree(s)
INFO: board_modifier.py:494: Adding track segment (B.Cu): [(85554591, 76596811), (85554591, 57546811)]
DEBUG: board_modifier.py:504: Could not add track segment due to detected collision
DEBUG: board_modifier.py:578: Routing at B.Cu layer
DEBUG: board_modifier.py:595: Netclass: Default, track width: 200000
DEBUG: board_modifier.py:658: Routing pad 'D10:1' at (66504591, 76596811) with pad 'D11:1' at (85554591, 76596811) using coordinate system rotated by 0 degree(s)
INFO: board_modifier.py:494: Adding track segment (B.Cu): [(66504591, 76596811), (85554591, 76596811)]
DEBUG: board_modifier.py:504: Could not add track segment due to detected collision
DEBUG: board_modifier.py:578: Routing at B.Cu layer
DEBUG: board_modifier.py:595: Netclass: Default, track width: 200000
DEBUG: board_modifier.py:658: Routing pad 'D11:1' at (85554591, 76596811) with pad 'D8:1' at (104604591, 67071811) using coordinate system rotated by 0 degree(s)
INFO: board_modifier.py:494: Adding track segment (B.Cu): [(85554591, 76596811), (95079591, 76596811)]
DEBUG: board_modifier.py:504: Could not add track segment due to detected collision
INFO: board_modifier.py:494: Adding track segment (B.Cu): [(85554591, 76596811), (95079591, 67071811)]
DEBUG: board_modifier.py:504: Could not add track segment due to detected collision
WARNING: board_modifier.py:571: Could not route pads, no common layers found. Pads: 'D8:1', 'U1:11'
DEBUG: key_placer.py:979: Routing COL0 pads
DEBUG: board_modifier.py:578: Routing at B.Cu layer
DEBUG: board_modifier.py:595: Netclass: Default, track width: 200000
DEBUG: board_modifier.py:658: Routing pad 'SW7:1' at (72700000, 51150000) with pad 'SW13:1' at (53650000, 89250000) using coordinate system rotated by 0 degree(s)
INFO: board_modifier.py:494: Adding track segment (B.Cu): [(72700000, 51150000), (72700000, 70200000)]
DEBUG: board_modifier.py:504: Could not add track segment due to detected collision
INFO: board_modifier.py:494: Adding track segment (B.Cu): [(72700000, 51150000), (53650000, 70200000)]
DEBUG: board_modifier.py:504: Could not add track segment due to detected collision
DEBUG: board_modifier.py:578: Routing at B.Cu layer
DEBUG: board_modifier.py:595: Netclass: Default, track width: 200000
DEBUG: board_modifier.py:658: Routing pad 'SW1:1' at (34600000, 32100000) with pad 'SW7:1' at (72700000, 51150000) using coordinate system rotated by 0 degree(s)
INFO: board_modifier.py:494: Adding track segment (B.Cu): [(34600000, 32100000), (53650000, 32100000)]
DEBUG: board_modifier.py:504: Could not add track segment due to detected collision
INFO: board_modifier.py:494: Adding track segment (B.Cu): [(34600000, 32100000), (53650000, 51150000)]
DEBUG: board_modifier.py:504: Could not add track segment due to detected collision
WARNING: board_modifier.py:571: Could not route pads, no common layers found. Pads: 'SW7:1', 'U1:2'
DEBUG: key_placer.py:979: Routing COL2 pads
DEBUG: board_modifier.py:578: Routing at B.Cu layer
DEBUG: board_modifier.py:595: Netclass: Default, track width: 200000
DEBUG: board_modifier.py:658: Routing pad 'SW9:1' at (34600000, 70200000) with pad 'SW3:1' at (72700000, 32100000) using coordinate system rotated by 0 degree(s)
INFO: board_modifier.py:494: Adding track segment (B.Cu): [(34600000, 70200000), (34600000, 70200000)]
INFO: board_modifier.py:499: Track added
INFO: board_modifier.py:494: Adding track segment (B.Cu): [(34600000, 70200000), (72700000, 32100000)]
DEBUG: board_modifier.py:504: Could not add track segment due to detected collision
INFO: board_modifier.py:494: Adding track segment (B.Cu): [(34600000, 70200000), (72700000, 32100000)]
DEBUG: board_modifier.py:504: Could not add track segment due to detected collision
DEBUG: board_modifier.py:578: Routing at B.Cu layer
DEBUG: board_modifier.py:595: Netclass: Default, track width: 200000
DEBUG: board_modifier.py:658: Routing pad 'SW9:1' at (34600000, 70200000) with pad 'SW15:1' at (91750000, 98775000) using coordinate system rotated by 0 degree(s)
INFO: board_modifier.py:494: Adding track segment (B.Cu): [(34600000, 70200000), (63175000, 70200000)]
DEBUG: board_modifier.py:504: Could not add track segment due to detected collision
INFO: board_modifier.py:494: Adding track segment (B.Cu): [(34600000, 70200000), (63175000, 98775000)]
DEBUG: board_modifier.py:504: Could not add track segment due to detected collision
WARNING: board_modifier.py:571: Could not route pads, no common layers found. Pads: 'SW15:1', 'U1:6'
DEBUG: key_placer.py:979: Routing COL4 pads
DEBUG: board_modifier.py:578: Routing at B.Cu layer
DEBUG: board_modifier.py:595: Netclass: Default, track width: 200000
DEBUG: board_modifier.py:658: Routing pad 'SW5:1' at (34600000, 51150000) with pad 'SW11:1' at (72700000, 70200000) using coordinate system rotated by 0 degree(s)
INFO: board_modifier.py:494: Adding track segment (B.Cu): [(34600000, 51150000), (53650000, 51150000)]
DEBUG: board_modifier.py:504: Could not add track segment due to detected collision
INFO: board_modifier.py:494: Adding track segment (B.Cu): [(34600000, 51150000), (53650000, 70200000)]
DEBUG: board_modifier.py:504: Could not add track segment due to detected collision
DEBUG: board_modifier.py:578: Routing at B.Cu layer
DEBUG: board_modifier.py:595: Netclass: Default, track width: 200000
DEBUG: board_modifier.py:658: Routing pad 'SW11:1' at (72700000, 70200000) with pad 'SW17:1' at (72700000, 108300000) using coordinate system rotated by 0 degree(s)
INFO: board_modifier.py:494: Adding track segment (B.Cu): [(72700000, 70200000), (72700000, 108300000)]
DEBUG: board_modifier.py:504: Could not add track segment due to detected collision
WARNING: board_modifier.py:571: Could not route pads, no common layers found. Pads: 'SW11:1', 'U1:8'
DEBUG: key_placer.py:979: Routing COL5 pads
DEBUG: board_modifier.py:578: Routing at B.Cu layer
DEBUG: board_modifier.py:595: Netclass: Default, track width: 200000
DEBUG: board_modifier.py:658: Routing pad 'SW12:1' at (34600000, 89250000) with pad 'SW6:1' at (53650000, 51150000) using coordinate system rotated by 0 degree(s)
INFO: board_modifier.py:494: Adding track segment (B.Cu): [(34600000, 89250000), (34600000, 70200000)]
DEBUG: board_modifier.py:504: Could not add track segment due to detected collision
INFO: board_modifier.py:494: Adding track segment (B.Cu): [(34600000, 89250000), (53650000, 70200000)]
DEBUG: board_modifier.py:504: Could not add track segment due to detected collision
WARNING: board_modifier.py:571: Could not route pads, no common layers found. Pads: 'SW6:1', 'U1:9'
WARNING: board_modifier.py:571: Could not route pads, no common layers found. Pads: 'U1:9', 'SW18:1'
INFO: key_placer.py:517: Removing dangling tracks
INFO: key_placer.py:532: Removing 217cf9d8-7970-4b47-93c9-55b2d55453ad
INFO: key_placer.py:532: Removing 5bedf9cc-4cef-43ed-842f-f2d9a9099647
INFO: key_placer.py:532: Removing fc57bed7-370b-4bf4-983d-3f580dc48e6b
INFO: key_placer.py:532: Removing 8f610bc9-7986-442d-8016-1dd5d3d09fbc
INFO: key_placer.py:532: Removing 2195ecc7-33e0-4c83-a479-d0f083fd9445
INFO: key_placer.py:532: Removing e68b6c7e-1e21-4b48-866c-f75ec3dd1d25
INFO: key_placer.py:532: Removing 38e3128b-a1e1-48ea-835d-d7ea147d7842
INFO: key_placer.py:532: Removing 3616de5a-abb3-4e83-88d1-a3e4e68f79b9
INFO: key_placer.py:532: Removing bbecb655-66fd-44a5-b8dd-beaa2c930a02
INFO: key_placer.py:532: Removing 03aa77e3-6e6e-4ba3-bb76-19de96240d30
INFO: key_placer.py:532: Removing fddaa2cd-7aaf-48e6-981e-b802b285682e
INFO: key_placer.py:532: Removing 1d45b88f-917a-47b8-b2d6-39552194b3d6
INFO: key_placer.py:532: Removing 7f4f1fc6-26ce-4a81-a039-c508ce8330bd
INFO: key_placer.py:532: Removing 5472ba2e-5e2f-4a70-ae58-40960c26d4d5
INFO: key_placer.py:532: Removing 70515e5a-2c3a-41ce-a1af-48eda05e1399
INFO: key_placer.py:532: Removing fc960ab1-0ed2-4308-bfb2-0c44873bad8c
INFO: key_placer.py:532: Removing ef3e4166-c579-4e04-80fc-6635850cf2bb
INFO: key_placer.py:532: Removing 8898e870-b6bb-4b1e-9b76-b2e1d16035a3
INFO: key_placer.py:532: Removing 7fc80493-2473-4df2-b4df-ef2b702b0b05
INFO: key_placer.py:532: Removing 2c37ea9c-b7b3-42f2-b015-aec41af0a358
INFO: key_placer.py:532: Removing afb07b33-7fe8-45eb-9ee3-13b04d69464a
INFO: key_placer.py:532: Removing 9e97a636-4b0d-477a-a5a1-1b712f79f7c0
INFO: key_placer.py:532: Removing 24a854a4-cf2d-4500-8f30-e0081420f7fe
INFO: key_placer.py:532: Removing b8d4ac76-8d75-49c0-a489-739c60f46223
INFO: key_placer.py:532: Removing ea89f052-2cb9-40e7-921b-3d0136bcc6f5
INFO: key_placer.py:532: Removing 2098d236-c38e-4e8e-a000-53491a500f50
INFO: key_placer.py:532: Removing a44a5ffb-2bb0-48b5-874e-05349720fa61
INFO: key_placer.py:532: Removing cab0c7e4-6f86-4dd8-9059-d23e22e80a58
INFO: key_placer.py:532: Removing 80c02e6c-aeb0-4271-9266-499869812dd6
INFO: key_placer.py:532: Removing 7a45ad93-9db7-47d2-a6e8-e36953a48d73
INFO: key_placer.py:532: Removing 1a8c8eb5-0578-47fa-80ac-3ea6287035f6
INFO: key_placer.py:532: Removing c3b8131c-df3c-4644-8955-534f6faac027
INFO: key_placer.py:532: Removing eac8f528-4012-4533-81d0-3ded49ce6b06
INFO: key_placer.py:532: Removing 3abf8a42-2a6b-4864-8cde-f60ca098f24f
INFO: key_placer.py:532: Removing 60eecf73-fcd9-4685-878d-5c09ff6e8e5a
